  Project3.cpp
D:\Downloads\Spring2022\Project3\Project3\Project3.cpp(127,37): warning C4244: '=': conversion from 'double' to 'int', possible loss of data
D:\Downloads\Spring2022\Project3\Project3\Project3.cpp(128,37): warning C4244: '=': conversion from 'double' to 'int', possible loss of data
D:\Downloads\Spring2022\Project3\Project3\Project3.cpp(131,37): warning C4244: '=': conversion from 'double' to 'int', possible loss of data
D:\Downloads\Spring2022\Project3\Project3\Project3.cpp(132,37): warning C4244: '=': conversion from 'double' to 'int', possible loss of data
D:\Downloads\Spring2022\Project3\Project3\Project3.cpp(222,37): warning C4244: '=': conversion from 'double' to 'int', possible loss of data
D:\Downloads\Spring2022\Project3\Project3\Project3.cpp(223,37): warning C4244: '=': conversion from 'double' to 'int', possible loss of data
D:\Downloads\Spring2022\Project3\Project3\Project3.cpp(226,37): warning C4244: '=': conversion from 'double' to 'int', possible loss of data
D:\Downloads\Spring2022\Project3\Project3\Project3.cpp(227,37): warning C4244: '=': conversion from 'double' to 'int', possible loss of data
D:\Downloads\Spring2022\Project3\Project3\Project3.cpp(282,58): warning C4244: 'argument': conversion from 'int' to 'float', possible loss of data
D:\Downloads\Spring2022\Project3\Project3\Project3.cpp(282,45): warning C4244: 'argument': conversion from 'int' to 'float', possible loss of data
D:\Downloads\Spring2022\Project3\Project3\Project3.cpp(286,59): warning C4244: 'argument': conversion from 'int' to 'float', possible loss of data
D:\Downloads\Spring2022\Project3\Project3\Project3.cpp(286,46): warning C4244: 'argument': conversion from 'int' to 'float', possible loss of data
D:\Downloads\Spring2022\Project3\Project3\Project3.cpp(290,60): warning C4244: 'argument': conversion from 'int' to 'float', possible loss of data
D:\Downloads\Spring2022\Project3\Project3\Project3.cpp(290,47): warning C4244: 'argument': conversion from 'int' to 'float', possible loss of data
D:\Downloads\Spring2022\Project3\Project3\Project3.cpp(294,52): warning C4244: 'argument': conversion from 'int' to 'float', possible loss of data
D:\Downloads\Spring2022\Project3\Project3\Project3.cpp(294,39): warning C4244: 'argument': conversion from 'int' to 'float', possible loss of data
D:\Downloads\Spring2022\Project3\Project3\Project3.cpp(296,53): warning C4244: 'argument': conversion from 'int' to 'float', possible loss of data
D:\Downloads\Spring2022\Project3\Project3\Project3.cpp(296,39): warning C4244: 'argument': conversion from 'int' to 'float', possible loss of data
D:\Downloads\Spring2022\Project3\Project3\Project3.cpp(298,53): warning C4244: 'argument': conversion from 'int' to 'float', possible loss of data
D:\Downloads\Spring2022\Project3\Project3\Project3.cpp(298,39): warning C4244: 'argument': conversion from 'int' to 'float', possible loss of data
D:\Downloads\Spring2022\Project3\Project3\Project3.cpp(300,53): warning C4244: 'argument': conversion from 'int' to 'float', possible loss of data
D:\Downloads\Spring2022\Project3\Project3\Project3.cpp(300,39): warning C4244: 'argument': conversion from 'int' to 'float', possible loss of data
D:\Downloads\Spring2022\Project3\Project3\Project3.cpp(310,42): warning C4244: 'argument': conversion from 'int' to 'float', possible loss of data
D:\Downloads\Spring2022\Project3\Project3\Project3.cpp(322,47): warning C4244: 'argument': conversion from 'int' to 'float', possible loss of data
D:\Downloads\Spring2022\Project3\Project3\Project3.cpp(322,34): warning C4244: 'argument': conversion from 'int' to 'float', possible loss of data
D:\Downloads\Spring2022\Project3\Project3\Project3.cpp(342,29): warning C4018: '>': signed/unsigned mismatch
D:\Downloads\Spring2022\Project3\Project3\Project3.cpp(342,56): warning C4018: '>': signed/unsigned mismatch
  Project3.vcxproj -> D:\Downloads\Spring2022\Project3\Debug\Project3.exe
